<?xml version="1.0" encoding="UTF-8"?>
<!-- Generated by org.testng.reporters.JUnitXMLReporter -->
<testsuite ignored="0" hostname="Itctesting13" failures="0" tests="8" name="Default test" time="47.673" errors="0" timestamp="2022-07-04T09:59:02 GMT+05:30">
  <testcase classname="com.hyr.test.AboutUs" name="Home" time="5.724"/>
  <testcase classname="com.hyr.test.AboutUs" name="AdminLogin" time="4.774"/>
  <testcase classname="com.hyr.test.AboutUs" name="adminBook" time="3.69"/>
  <testcase classname="com.hyr.test.AboutUs" name="StudentRegistration" time="5.266"/>
  <testcase classname="com.hyr.test.AboutUs" name="StudentLogin" time="6.991"/>
  <testcase classname="com.hyr.test.AboutUs" name="books" time="8.932"/>
  <testcase classname="com.hyr.test.AboutUs" name="cart" time="5.539"/>
  <testcase classname="com.hyr.test.AboutUs" name="aboutUs" time="6.628"/>
</testsuite> <!-- Default test -->
