<?xml version="1.0" encoding="UTF-8"?>
<!-- Generated by org.testng.reporters.JUnitXMLReporter -->
<testsuite ignored="0" hostname="Itctesting13" failures="0" tests="1" name="test1" time="4.907" errors="0" timestamp="2022-06-28T19:21:52 GMT+05:30">
  <testcase classname="com.hyr.test.BeforeAfterTest" name="@AfterTest teardown" time="0.004">
    <failure type="java.lang.NullPointerException">
      <![CDATA[java.lang.NullPointerException
at com.hyr.test.BeforeAfterTest.teardown(BeforeAfterTest.java:19)
... Removed 24 stack frames]]>
    </failure>
  </testcase> <!-- @AfterTest teardown -->
  <testcase classname="com.hyr.test.BeforeAfterTest" name="about" time="1.841"/>
</testsuite> <!-- test1 -->
